<?xml version="1.0" encoding="UTF-8"?>
<testng-results skipped="0" failed="0" ignored="0" total="1" passed="1">
  <reporter-output>
  </reporter-output>
  <suite name="Command line suite" duration-ms="19" started-at="2021-11-21T04:17:25Z" finished-at="2021-11-21T04:17:25Z">
    <groups>
    </groups>
    <test name="Command line test" duration-ms="19" started-at="2021-11-21T04:17:25Z" finished-at="2021-11-21T04:17:25Z">
      <class name="Qedge.StockAccounting.AppTest">
        <test-method status="PASS" signature="testApp()[pri:0, instance:testApp(Qedge.StockAccounting.AppTest)]" name="testApp" duration-ms="3" started-at="2021-11-21T04:17:25Z" finished-at="2021-11-21T04:17:25Z">
          <reporter-output>
          </reporter-output>
        </test-method> <!-- testApp -->
      </class> <!-- Qedge.StockAccounting.AppTest -->
    </test> <!-- Command line test -->
  </suite> <!-- Command line suite -->
</testng-results>
