<?xml version="1.0" encoding="UTF-8"?>
<testng-results skipped="0" failed="0" ignored="0" total="1" passed="1">
  <reporter-output>
  </reporter-output>
  <suite name="Command line suite" duration-ms="2114" started-at="2021-11-21T04:17:23Z" finished-at="2021-11-21T04:17:25Z">
    <groups>
    </groups>
    <test name="Command line test" duration-ms="2114" started-at="2021-11-21T04:17:23Z" finished-at="2021-11-21T04:17:25Z">
      <class name="DriverFactory.AppTest">
        <test-method status="PASS" signature="kistStart()[pri:0, instance:DriverFactory.AppTest@13a57a3b]" name="kistStart" duration-ms="2065" started-at="2021-11-21T04:17:23Z" finished-at="2021-11-21T04:17:25Z">
          <reporter-output>
          </reporter-output>
        </test-method> <!-- kistStart -->
      </class> <!-- DriverFactory.AppTest -->
    </test> <!-- Command line test -->
  </suite> <!-- Command line suite -->
</testng-results>
