<?xml version="1.0" encoding="UTF-8"?>
<testng-results skipped="0" failed="0" ignored="0" total="1" passed="1">
  <reporter-output>
  </reporter-output>
  <suite name="Default suite" duration-ms="2948" started-at="2021-12-05T18:09:58 IST" finished-at="2021-12-05T18:10:01 IST">
    <groups>
    </groups>
    <test name="Default test" duration-ms="2948" started-at="2021-12-05T18:09:58 IST" finished-at="2021-12-05T18:10:01 IST">
      <class name="DriverFactory.AppTest">
        <test-method status="PASS" signature="kistStart()[pri:0, instance:DriverFactory.AppTest@28c4711c]" name="kistStart" duration-ms="2871" started-at="2021-12-05T18:09:58 IST" finished-at="2021-12-05T18:10:01 IST">
          <reporter-output>
          </reporter-output>
        </test-method> <!-- kistStart -->
      </class> <!-- DriverFactory.AppTest -->
    </test> <!-- Default test -->
  </suite> <!-- Default suite -->
</testng-results>
